0 info it worked if it ends with ok
1 verbose cli [ '/usr/bin/node', '/usr/bin/npm', 'publish', './' ]
2 info using npm@3.7.1
3 info using node@v5.6.0
4 verbose publish [ './' ]
5 silly cache add args [ './', null ]
6 verbose cache add spec ./
7 silly cache add parsed spec Result {
7 silly cache add   raw: './',
7 silly cache add   scope: null,
7 silly cache add   name: null,
7 silly cache add   rawSpec: './',
7 silly cache add   spec: '/home/nemanjan00/party',
7 silly cache add   type: 'directory' }
8 verbose addLocalDirectory /home/nemanjan00/.npm/party/1.0.0/package.tgz not in flight; packing
9 verbose correctMkdir /home/nemanjan00/.npm correctMkdir not in flight; initializing
10 info lifecycle party@1.0.0~prepublish: party@1.0.0
11 silly lifecycle party@1.0.0~prepublish: no script for prepublish, continuing
12 verbose tar pack [ '/home/nemanjan00/.npm/party/1.0.0/package.tgz',
12 verbose tar pack   '/home/nemanjan00/party' ]
13 verbose tarball /home/nemanjan00/.npm/party/1.0.0/package.tgz
14 verbose folder /home/nemanjan00/party
15 verbose addLocalTarball adding from inside cache /home/nemanjan00/.npm/party/1.0.0/package.tgz
16 verbose correctMkdir /home/nemanjan00/.npm correctMkdir not in flight; initializing
17 silly cache afterAdd party@1.0.0
18 verbose afterAdd /home/nemanjan00/.npm/party/1.0.0/package/package.json not in flight; writing
19 verbose correctMkdir /home/nemanjan00/.npm correctMkdir not in flight; initializing
20 verbose afterAdd /home/nemanjan00/.npm/party/1.0.0/package/package.json written
21 silly publish { name: 'party',
21 silly publish   version: '1.0.0',
21 silly publish   description: 'Music downloader for party',
21 silly publish   main: 'index.js',
21 silly publish   scripts:
21 silly publish    { start: 'node ./index.js',
21 silly publish      test: 'echo "Error: no test specified" && exit 1' },
21 silly publish   author: { name: 'nemanjan00', email: 'nemanjan00@gmail.com' },
21 silly publish   license: 'MIT',
21 silly publish   devDependencies:
21 silly publish    { grunt: '*',
21 silly publish      'grunt-contrib-concat': '*',
21 silly publish      'grunt-contrib-less': '*',
21 silly publish      'grunt-contrib-uglify': '*',
21 silly publish      'grunt-contrib-watch': '*' },
21 silly publish   dependencies: { ejs: '^2.4.1', express: '^4.13.4', 'ytdl-core': '^0.7.10' },
21 silly publish   readme: '# party-youtube-downloader\n\n![Screenshot](https://raw.githubusercontent.com/nemanjan00/party-youtube-downloader/master/screenshot/party.png)\n\n## Deploy to Heroku\n\n[![Deploy](https://www.herokucdn.com/deploy/button.svg)](https://heroku.com/deploy)\n\n## Written in\n\n### Backend\n\n- Node.JS\n\t- Express\n\t- ytdl-core\n\n### Frontend\n\n- Bootstrap\n- AngularJS\n\t- Angular-Bootstrap\n\t- Angular-Animate\n\n### Development Enviroment\n\n- Bower\n- Grunt\n\n',
21 silly publish   readmeFilename: 'README.md',
21 silly publish   gitHead: '96f0b9f828065e80645f5303d8b13860ae337bbc',
21 silly publish   _id: 'party@1.0.0',
21 silly publish   _shasum: '18c0d3058c82eacd2cdc2fb39c52c626bf242cd0',
21 silly publish   _from: '.' }
22 verbose getPublishConfig undefined
23 silly mapToRegistry name party
24 silly mapToRegistry using default registry
25 silly mapToRegistry registry https://registry.npmjs.org/
26 silly mapToRegistry uri https://registry.npmjs.org/party
27 verbose publish registryBase https://registry.npmjs.org/
28 silly publish uploading /home/nemanjan00/.npm/party/1.0.0/package.tgz
29 verbose request uri https://registry.npmjs.org/party
30 verbose request sending authorization for write operation
31 info attempt registry request try #1 at 11:46:36 AM
32 verbose request using bearer token for auth
33 verbose request id 1c025205769bccaa
34 http request PUT https://registry.npmjs.org/party
35 http 403 https://registry.npmjs.org/party
36 verbose headers { 'content-type': 'application/json',
36 verbose headers   'cache-control': 'max-age=300',
36 verbose headers   'content-length': '97',
36 verbose headers   'accept-ranges': 'bytes',
36 verbose headers   date: 'Sat, 20 Feb 2016 10:46:45 GMT',
36 verbose headers   via: '1.1 varnish',
36 verbose headers   connection: 'keep-alive',
36 verbose headers   'x-served-by': 'cache-lcy1128-LCY',
36 verbose headers   'x-cache': 'MISS',
36 verbose headers   'x-cache-hits': '0',
36 verbose headers   'x-timer': 'S1455965196.714110,VS0,VE8682' }
37 verbose request invalidating /home/nemanjan00/.npm/registry.npmjs.org/party on PUT
38 error publish Failed PUT 403
39 verbose stack Error: You do not have permission to publish 'party'. Are you logged in as the correct user? : party
39 verbose stack     at makeError (/usr/lib/node_modules/npm/node_modules/npm-registry-client/lib/request.js:264:12)
39 verbose stack     at CachingRegistryClient.<anonymous> (/usr/lib/node_modules/npm/node_modules/npm-registry-client/lib/request.js:252:14)
39 verbose stack     at Request._callback (/usr/lib/node_modules/npm/node_modules/npm-registry-client/lib/request.js:172:14)
39 verbose stack     at Request.self.callback (/usr/lib/node_modules/npm/node_modules/request/request.js:199:22)
39 verbose stack     at emitTwo (events.js:100:13)
39 verbose stack     at Request.emit (events.js:185:7)
39 verbose stack     at Request.<anonymous> (/usr/lib/node_modules/npm/node_modules/request/request.js:1036:10)
39 verbose stack     at emitOne (events.js:95:20)
39 verbose stack     at Request.emit (events.js:182:7)
39 verbose stack     at IncomingMessage.<anonymous> (/usr/lib/node_modules/npm/node_modules/request/request.js:963:12)
40 verbose statusCode 403
41 verbose pkgid party
42 verbose cwd /home/nemanjan00/party
43 error Linux 4.4.1-2-ARCH
44 error argv "/usr/bin/node" "/usr/bin/npm" "publish" "./"
45 error node v5.6.0
46 error npm  v3.7.1
47 error code E403
48 error You do not have permission to publish 'party'. Are you logged in as the correct user? : party
49 error If you need help, you may report this error at:
49 error     <https://github.com/npm/npm/issues>
50 verbose exit [ 1, true ]
